000 (6946159.000.000) 07/16 23:04:52 Job submitted from host: <137.138.55.115:9618?addrs=137.138.55.115-9618+[2001-1458-d00-17--12a]-9618&alias=bigbird23.cern.ch&noUDP&sock=schedd_23881_f548>
...
040 (6946159.000.000) 07/16 23:14:24 Started transferring input files
	Transferring to host: <128.142.161.79:9618?addrs=128.142.161.79-9618&alias=b9g03p9237.cern.ch&noUDP&sock=slot1_9_3172_b5fa_1836>
...
040 (6946159.000.000) 07/16 23:14:35 Finished transferring input files
...
001 (6946159.000.000) 07/16 23:14:36 Job executing on host: <128.142.161.79:9618?addrs=128.142.161.79-9618&alias=b9g03p9237.cern.ch&noUDP&sock=startd_3126_c124>
	SlotName: slot1_9@b9g03p9237.cern.ch
	CondorScratchDir = "/pool/condor/dir_2707632"
	Cpus = 1
	Disk = 3216362
	Memory = 2000
...
006 (6946159.000.000) 07/16 23:14:45 Image size of job updated: 275284
	269  -  MemoryUsage of job (MB)
	275284  -  ResidentSetSize of job (KB)
...
006 (6946159.000.000) 07/16 23:18:32 Image size of job updated: 2578412
	1367  -  MemoryUsage of job (MB)
	1399808  -  ResidentSetSize of job (KB)
...
040 (6946159.000.000) 07/16 23:18:32 Started transferring output files
...
040 (6946159.000.000) 07/16 23:18:32 Finished transferring output files
...
005 (6946159.000.000) 07/16 23:18:32 Job terminated.
	(1) Normal termination (return value 0)
		Usr 0 00:09:03, Sys 0 00:00:12  -  Run Remote Usage
		Usr 0 00:00:00, Sys 0 00:00:00  -  Run Local Usage
		Usr 0 00:09:03, Sys 0 00:00:12  -  Total Remote Usage
		Usr 0 00:00:00, Sys 0 00:00:00  -  Total Local Usage
	6286  -  Run Bytes Sent By Job
	160334800  -  Run Bytes Received By Job
	6286  -  Total Bytes Sent By Job
	160334800  -  Total Bytes Received By Job
	Partitionable Resources :    Usage  Request Allocated 
	   Cpus                 :        0        1         1 
	   Disk (KB)            :   489642   175000   3216362 
	   Memory (MB)          :     1367     2000      2000 

	Job terminated of its own accord at 2024-07-16T21:18:32Z with exit-code 0.
...
