000 (6946159.001.000) 07/16 23:04:52 Job submitted from host: <137.138.55.115:9618?addrs=137.138.55.115-9618+[2001-1458-d00-17--12a]-9618&alias=bigbird23.cern.ch&noUDP&sock=schedd_23881_f548>
...
040 (6946159.001.000) 07/16 23:14:25 Started transferring input files
	Transferring to host: <128.142.248.33:9618?addrs=128.142.248.33-9618+[2001-1458-301-73--100-111]-9618&alias=b9g23p1094.cern.ch&noUDP&sock=slot1_11_3352083_7790_125782>
...
040 (6946159.001.000) 07/16 23:14:35 Finished transferring input files
...
001 (6946159.001.000) 07/16 23:14:36 Job executing on host: <128.142.248.33:9618?addrs=128.142.248.33-9618+[2001-1458-301-73--100-111]-9618&alias=b9g23p1094.cern.ch&noUDP&sock=startd_5881_748f>
	SlotName: slot1_11@b9g23p1094.cern.ch
	CondorScratchDir = "/pool/condor/dir_1453215"
	Cpus = 1
	Disk = 2941305
	Memory = 2000
...
006 (6946159.001.000) 07/16 23:14:45 Image size of job updated: 244152
	239  -  MemoryUsage of job (MB)
	244004  -  ResidentSetSize of job (KB)
...
006 (6946159.001.000) 07/16 23:18:58 Image size of job updated: 2727716
	1375  -  MemoryUsage of job (MB)
	1407088  -  ResidentSetSize of job (KB)
...
040 (6946159.001.000) 07/16 23:18:58 Started transferring output files
...
040 (6946159.001.000) 07/16 23:18:58 Finished transferring output files
...
005 (6946159.001.000) 07/16 23:18:58 Job terminated.
	(1) Normal termination (return value 0)
		Usr 0 00:10:37, Sys 0 00:00:13  -  Run Remote Usage
		Usr 0 00:00:00, Sys 0 00:00:00  -  Run Local Usage
		Usr 0 00:10:37, Sys 0 00:00:13  -  Total Remote Usage
		Usr 0 00:00:00, Sys 0 00:00:00  -  Total Local Usage
	6286  -  Run Bytes Sent By Job
	160334800  -  Run Bytes Received By Job
	6286  -  Total Bytes Sent By Job
	160334800  -  Total Bytes Received By Job
	Partitionable Resources :     Usage  Request Allocated 
	   Cpus                 :      0.99        1         1 
	   Disk (KB)            : 489643      175000   2941305 
	   Memory (MB)          :   1375        2000      2000 

	Job terminated of its own accord at 2024-07-16T21:18:58Z with exit-code 0.
...
